mode: set
billing_system_test_task/pkg/pipeline/pipeline.go:11.37,15.25 4 1
billing_system_test_task/pkg/pipeline/pipeline.go:21.2,21.11 1 1
billing_system_test_task/pkg/pipeline/pipeline.go:15.25,20.3 4 1
billing_system_test_task/pkg/pipeline/pipeline.go:24.71,28.2 3 1
billing_system_test_task/pkg/wallets/repo.go:36.100,41.2 1 1
billing_system_test_task/pkg/wallets/repo.go:44.94,56.22 3 1
billing_system_test_task/pkg/wallets/repo.go:60.2,60.18 1 1
billing_system_test_task/pkg/wallets/repo.go:67.2,68.31 2 1
billing_system_test_task/pkg/wallets/repo.go:72.2,72.22 1 1
billing_system_test_task/pkg/wallets/repo.go:56.22,58.3 1 1
billing_system_test_task/pkg/wallets/repo.go:60.18,62.21 2 1
billing_system_test_task/pkg/wallets/repo.go:62.21,64.4 1 1
billing_system_test_task/pkg/wallets/repo.go:68.31,70.3 1 1
billing_system_test_task/pkg/wallets/repo.go:76.104,78.42 1 1
billing_system_test_task/pkg/wallets/repo.go:83.2,87.18 3 1
billing_system_test_task/pkg/wallets/repo.go:92.2,93.18 2 1
billing_system_test_task/pkg/wallets/repo.go:96.2,100.22 3 1
billing_system_test_task/pkg/wallets/repo.go:106.2,107.31 2 1
billing_system_test_task/pkg/wallets/repo.go:111.2,112.24 2 1
billing_system_test_task/pkg/wallets/repo.go:118.2,119.18 2 1
billing_system_test_task/pkg/wallets/repo.go:126.2,128.22 2 1
billing_system_test_task/pkg/wallets/repo.go:78.42,80.3 1 1
billing_system_test_task/pkg/wallets/repo.go:87.18,89.3 1 1
billing_system_test_task/pkg/wallets/repo.go:93.18,95.3 1 1
billing_system_test_task/pkg/wallets/repo.go:100.22,104.3 3 1
billing_system_test_task/pkg/wallets/repo.go:107.31,109.3 1 1
billing_system_test_task/pkg/wallets/repo.go:112.24,116.3 3 1
billing_system_test_task/pkg/wallets/repo.go:119.18,125.3 1 1
billing_system_test_task/pkg/wallets/repo.go:132.85,137.25 3 1
billing_system_test_task/pkg/wallets/repo.go:140.2,140.21 1 1
billing_system_test_task/pkg/wallets/repo.go:137.25,139.3 1 1
billing_system_test_task/pkg/wallets/repo.go:144.87,149.25 3 1
billing_system_test_task/pkg/wallets/repo.go:152.2,152.21 1 1
billing_system_test_task/pkg/wallets/repo.go:149.25,151.3 1 1
billing_system_test_task/pkg/wallets/repo.go:156.118,159.31 2 1
billing_system_test_task/pkg/wallets/repo.go:163.2,163.56 1 1
billing_system_test_task/pkg/wallets/repo.go:168.2,172.18 3 1
billing_system_test_task/pkg/wallets/repo.go:177.2,178.18 2 1
billing_system_test_task/pkg/wallets/repo.go:181.2,185.28 3 1
billing_system_test_task/pkg/wallets/repo.go:192.2,193.28 2 1
billing_system_test_task/pkg/wallets/repo.go:199.2,200.38 2 1
billing_system_test_task/pkg/wallets/repo.go:203.2,204.41 2 1
billing_system_test_task/pkg/wallets/repo.go:209.2,210.24 2 1
billing_system_test_task/pkg/wallets/repo.go:217.2,218.18 2 1
billing_system_test_task/pkg/wallets/repo.go:225.2,227.24 2 1
billing_system_test_task/pkg/wallets/repo.go:159.31,161.3 1 1
billing_system_test_task/pkg/wallets/repo.go:163.56,165.3 1 1
billing_system_test_task/pkg/wallets/repo.go:172.18,174.3 1 1
billing_system_test_task/pkg/wallets/repo.go:178.18,180.3 1 1
billing_system_test_task/pkg/wallets/repo.go:185.28,189.3 3 1
billing_system_test_task/pkg/wallets/repo.go:193.28,197.3 3 1
billing_system_test_task/pkg/wallets/repo.go:200.38,202.3 1 1
billing_system_test_task/pkg/wallets/repo.go:204.41,206.3 1 1
billing_system_test_task/pkg/wallets/repo.go:210.24,214.3 3 1
billing_system_test_task/pkg/wallets/repo.go:218.18,224.3 1 1
billing_system_test_task/pkg/wallets/form.go:15.53,19.29 2 1
billing_system_test_task/pkg/wallets/form.go:26.2,26.21 1 1
billing_system_test_task/pkg/wallets/form.go:30.2,30.12 1 1
billing_system_test_task/pkg/wallets/form.go:19.29,23.3 1 1
billing_system_test_task/pkg/wallets/form.go:26.21,28.3 1 1
billing_system_test_task/pkg/wallets/handlers.go:27.76,34.22 4 1
billing_system_test_task/pkg/wallets/handlers.go:40.2,41.22 2 1
billing_system_test_task/pkg/wallets/handlers.go:48.2,49.30 2 1
billing_system_test_task/pkg/wallets/handlers.go:53.2,56.4 2 1
billing_system_test_task/pkg/wallets/handlers.go:34.22,37.3 2 1
billing_system_test_task/pkg/wallets/handlers.go:41.22,46.3 4 1
billing_system_test_task/pkg/wallets/handlers.go:49.30,52.3 2 1
billing_system_test_task/pkg/operations/file_marshaller.go:26.97,28.28 2 1
billing_system_test_task/pkg/operations/file_marshaller.go:31.2,36.8 3 1
billing_system_test_task/pkg/operations/file_marshaller.go:28.28,30.3 1 1
billing_system_test_task/pkg/operations/file_marshaller.go:39.64,44.21 5 1
billing_system_test_task/pkg/operations/file_marshaller.go:47.2,48.12 2 1
billing_system_test_task/pkg/operations/file_marshaller.go:44.21,46.3 1 1
billing_system_test_task/pkg/operations/file_marshaller.go:56.96,74.2 7 1
billing_system_test_task/pkg/operations/file_marshaller.go:76.63,80.24 4 1
billing_system_test_task/pkg/operations/file_marshaller.go:83.2,84.12 2 1
billing_system_test_task/pkg/operations/file_marshaller.go:80.24,82.3 1 1
billing_system_test_task/pkg/operations/handlers.go:19.146,26.2 1 1
billing_system_test_task/pkg/operations/handlers.go:41.75,46.18 4 1
billing_system_test_task/pkg/operations/handlers.go:51.2,52.26 2 1
billing_system_test_task/pkg/operations/handlers.go:57.2,57.38 1 1
billing_system_test_task/pkg/operations/handlers.go:62.2,67.27 2 1
billing_system_test_task/pkg/operations/handlers.go:72.2,73.23 2 1
billing_system_test_task/pkg/operations/handlers.go:78.2,88.33 11 1
billing_system_test_task/pkg/operations/handlers.go:92.2,92.39 1 1
billing_system_test_task/pkg/operations/handlers.go:46.18,49.3 2 1
billing_system_test_task/pkg/operations/handlers.go:52.26,55.3 2 1
billing_system_test_task/pkg/operations/handlers.go:57.38,60.3 2 1
billing_system_test_task/pkg/operations/handlers.go:67.27,70.3 2 1
billing_system_test_task/pkg/operations/handlers.go:73.23,76.3 2 1
billing_system_test_task/pkg/operations/handlers.go:88.33,90.3 1 1
billing_system_test_task/pkg/operations/pipes.go:18.154,50.9 9 1
billing_system_test_task/pkg/operations/pipes.go:51.23,52.55 1 1
billing_system_test_task/pkg/operations/pipes.go:53.10,54.13 1 1
billing_system_test_task/pkg/operations/pipes.go:68.51,73.20 4 1
billing_system_test_task/pkg/operations/pipes.go:78.2,80.18 2 1
billing_system_test_task/pkg/operations/pipes.go:91.2,91.18 1 1
billing_system_test_task/pkg/operations/pipes.go:73.20,77.3 3 1
billing_system_test_task/pkg/operations/pipes.go:80.18,83.21 3 1
billing_system_test_task/pkg/operations/pipes.go:88.3,89.20 2 1
billing_system_test_task/pkg/operations/pipes.go:83.21,87.4 3 1
billing_system_test_task/pkg/operations/pipes.go:91.18,93.3 1 1
billing_system_test_task/pkg/operations/pipes.go:104.55,107.24 2 1
billing_system_test_task/pkg/operations/pipes.go:107.24,108.19 1 1
billing_system_test_task/pkg/operations/pipes.go:112.3,114.19 3 1
billing_system_test_task/pkg/operations/pipes.go:120.3,120.12 1 1
billing_system_test_task/pkg/operations/pipes.go:108.19,111.4 2 1
billing_system_test_task/pkg/operations/pipes.go:114.19,119.4 4 1
billing_system_test_task/pkg/operations/pipes.go:132.52,135.24 2 1
billing_system_test_task/pkg/operations/pipes.go:135.24,136.19 1 1
billing_system_test_task/pkg/operations/pipes.go:136.19,139.23 3 1
billing_system_test_task/pkg/operations/pipes.go:139.23,142.5 2 1
billing_system_test_task/pkg/operations/file_handler.go:33.61,37.2 1 1
billing_system_test_task/pkg/operations/file_handler.go:40.89,42.2 1 1
billing_system_test_task/pkg/operations/file_handler.go:53.66,65.24 7 1
billing_system_test_task/pkg/operations/file_handler.go:69.2,69.21 1 1
billing_system_test_task/pkg/operations/file_handler.go:73.2,78.8 1 1
billing_system_test_task/pkg/operations/file_handler.go:65.24,67.3 1 1
billing_system_test_task/pkg/operations/file_handler.go:69.21,71.3 1 1
billing_system_test_task/pkg/operations/file_handler.go:82.123,88.21 2 1
billing_system_test_task/pkg/operations/file_handler.go:107.2,107.25 1 1
billing_system_test_task/pkg/operations/file_handler.go:88.21,93.22 3 1
billing_system_test_task/pkg/operations/file_handler.go:96.3,99.4 1 1
billing_system_test_task/pkg/operations/file_handler.go:93.22,95.4 1 1
billing_system_test_task/pkg/operations/file_handler.go:100.8,100.29 1 1
billing_system_test_task/pkg/operations/file_handler.go:100.29,106.3 1 1
billing_system_test_task/pkg/operations/query_params.go:24.76,34.18 6 1
billing_system_test_task/pkg/operations/query_params.go:38.2,38.39 1 1
billing_system_test_task/pkg/operations/query_params.go:52.2,52.16 1 1
billing_system_test_task/pkg/operations/query_params.go:56.2,59.8 1 1
billing_system_test_task/pkg/operations/query_params.go:34.18,36.3 1 1
billing_system_test_task/pkg/operations/query_params.go:38.39,40.27 2 1
billing_system_test_task/pkg/operations/query_params.go:44.3,45.30 2 1
billing_system_test_task/pkg/operations/query_params.go:49.3,50.27 2 1
billing_system_test_task/pkg/operations/query_params.go:40.27,42.4 1 1
billing_system_test_task/pkg/operations/query_params.go:45.30,47.4 1 1
billing_system_test_task/pkg/operations/query_params.go:52.16,54.3 1 1
billing_system_test_task/pkg/operations/repo.go:33.59,37.2 1 1
billing_system_test_task/pkg/operations/repo.go:39.156,45.21 2 1
billing_system_test_task/pkg/operations/repo.go:51.2,57.22 2 1
billing_system_test_task/pkg/operations/repo.go:61.2,61.18 1 1
billing_system_test_task/pkg/operations/repo.go:68.2,68.31 1 1
billing_system_test_task/pkg/operations/repo.go:45.21,47.3 1 1
billing_system_test_task/pkg/operations/repo.go:47.8,49.3 1 1
billing_system_test_task/pkg/operations/repo.go:57.22,59.3 1 1
billing_system_test_task/pkg/operations/repo.go:61.18,63.21 2 1
billing_system_test_task/pkg/operations/repo.go:63.21,65.4 1 1
billing_system_test_task/pkg/operations/repo.go:71.100,73.19 2 1
billing_system_test_task/pkg/operations/repo.go:112.2,115.3 1 1
billing_system_test_task/pkg/operations/repo.go:73.19,76.16 3 1
billing_system_test_task/pkg/operations/repo.go:82.3,82.24 1 1
billing_system_test_task/pkg/operations/repo.go:87.3,87.26 1 1
billing_system_test_task/pkg/operations/repo.go:105.3,110.4 2 1
billing_system_test_task/pkg/operations/repo.go:76.16,78.4 1 1
billing_system_test_task/pkg/operations/repo.go:78.9,80.4 1 1
billing_system_test_task/pkg/operations/repo.go:82.24,85.4 2 1
billing_system_test_task/pkg/operations/repo.go:87.26,94.20 2 1
billing_system_test_task/pkg/operations/repo.go:101.4,103.39 3 1
billing_system_test_task/pkg/operations/repo.go:94.20,97.5 2 1
billing_system_test_task/pkg/operations/repo.go:97.10,100.5 2 1
billing_system_test_task/pkg/users/form.go:13.51,19.21 2 1
billing_system_test_task/pkg/users/form.go:23.2,23.12 1 1
billing_system_test_task/pkg/users/form.go:19.21,21.3 1 1
billing_system_test_task/pkg/users/form.go:30.53,32.29 2 1
billing_system_test_task/pkg/users/form.go:39.2,39.21 1 1
billing_system_test_task/pkg/users/form.go:43.2,43.12 1 1
billing_system_test_task/pkg/users/form.go:32.29,36.3 1 1
billing_system_test_task/pkg/users/form.go:39.21,41.3 1 1
billing_system_test_task/pkg/users/handlers.go:32.72,39.22 4 1
billing_system_test_task/pkg/users/handlers.go:45.2,46.22 2 1
billing_system_test_task/pkg/users/handlers.go:54.2,55.29 2 1
billing_system_test_task/pkg/users/handlers.go:60.2,61.25 2 1
billing_system_test_task/pkg/users/handlers.go:65.2,71.4 2 1
billing_system_test_task/pkg/users/handlers.go:39.22,42.3 2 1
billing_system_test_task/pkg/users/handlers.go:46.22,52.3 5 1
billing_system_test_task/pkg/users/handlers.go:55.29,58.3 2 1
billing_system_test_task/pkg/users/handlers.go:61.25,64.3 2 1
billing_system_test_task/pkg/users/handlers.go:85.72,95.19 4 1
billing_system_test_task/pkg/users/handlers.go:100.2,101.23 2 1
billing_system_test_task/pkg/users/handlers.go:107.2,109.22 3 1
billing_system_test_task/pkg/users/handlers.go:115.2,116.22 2 1
billing_system_test_task/pkg/users/handlers.go:123.2,124.23 2 1
billing_system_test_task/pkg/users/handlers.go:129.2,130.28 2 1
billing_system_test_task/pkg/users/handlers.go:135.2,136.23 2 1
billing_system_test_task/pkg/users/handlers.go:141.2,147.4 2 1
billing_system_test_task/pkg/users/handlers.go:95.19,98.3 2 1
billing_system_test_task/pkg/users/handlers.go:101.23,105.3 3 1
billing_system_test_task/pkg/users/handlers.go:109.22,112.3 2 1
billing_system_test_task/pkg/users/handlers.go:116.22,121.3 4 1
billing_system_test_task/pkg/users/handlers.go:124.23,127.3 2 1
billing_system_test_task/pkg/users/handlers.go:130.28,133.3 2 1
billing_system_test_task/pkg/users/handlers.go:136.23,139.3 2 1
billing_system_test_task/pkg/users/repo.go:28.79,33.2 1 1
billing_system_test_task/pkg/users/repo.go:36.80,47.23 4 1
billing_system_test_task/pkg/users/repo.go:50.2,50.21 1 1
billing_system_test_task/pkg/users/repo.go:66.2,66.19 1 1
billing_system_test_task/pkg/users/repo.go:47.23,49.3 1 1
billing_system_test_task/pkg/users/repo.go:50.21,60.21 3 1
billing_system_test_task/pkg/users/repo.go:63.3,63.24 1 1
billing_system_test_task/pkg/users/repo.go:60.21,62.4 1 1
billing_system_test_task/pkg/users/repo.go:70.88,80.23 4 1
billing_system_test_task/pkg/users/repo.go:84.2,84.21 1 1
billing_system_test_task/pkg/users/repo.go:99.2,99.19 1 1
billing_system_test_task/pkg/users/repo.go:80.23,82.3 1 1
billing_system_test_task/pkg/users/repo.go:84.21,94.21 3 1
billing_system_test_task/pkg/users/repo.go:97.3,97.24 1 1
billing_system_test_task/pkg/users/repo.go:94.21,96.4 1 1
billing_system_test_task/pkg/users/repo.go:103.81,106.18 3 1
billing_system_test_task/pkg/users/repo.go:110.2,111.27 2 1
billing_system_test_task/pkg/users/repo.go:114.2,120.22 4 1
billing_system_test_task/pkg/users/repo.go:125.2,127.23 2 1
billing_system_test_task/pkg/users/repo.go:137.2,138.28 2 1
billing_system_test_task/pkg/users/repo.go:144.2,145.33 2 1
billing_system_test_task/pkg/users/repo.go:151.2,152.18 2 1
billing_system_test_task/pkg/users/repo.go:159.2,161.27 2 1
billing_system_test_task/pkg/users/repo.go:106.18,108.3 1 1
billing_system_test_task/pkg/users/repo.go:111.27,113.3 1 1
billing_system_test_task/pkg/users/repo.go:120.22,124.3 3 1
billing_system_test_task/pkg/users/repo.go:127.23,129.23 2 1
billing_system_test_task/pkg/users/repo.go:129.23,133.4 3 1
billing_system_test_task/pkg/users/repo.go:138.28,142.3 3 1
billing_system_test_task/pkg/users/repo.go:145.33,149.3 3 1
billing_system_test_task/pkg/users/repo.go:152.18,158.3 1 1
