mode: set
billing_system_test_task/internal/pipeline/pipeline.go:11.37,15.25 4 1
billing_system_test_task/internal/pipeline/pipeline.go:21.2,21.11 1 1
billing_system_test_task/internal/pipeline/pipeline.go:15.25,20.3 4 1
billing_system_test_task/internal/pipeline/pipeline.go:24.71,28.2 3 1
billing_system_test_task/internal/repositories/operation.go:35.76,39.2 1 1
billing_system_test_task/internal/repositories/operation.go:41.69,43.2 1 1
billing_system_test_task/internal/repositories/operation.go:45.144,51.21 2 1
billing_system_test_task/internal/repositories/operation.go:57.2,63.22 2 1
billing_system_test_task/internal/repositories/operation.go:67.2,67.18 1 1
billing_system_test_task/internal/repositories/operation.go:74.2,74.31 1 1
billing_system_test_task/internal/repositories/operation.go:51.21,53.3 1 1
billing_system_test_task/internal/repositories/operation.go:53.8,55.3 1 1
billing_system_test_task/internal/repositories/operation.go:63.22,65.3 1 1
billing_system_test_task/internal/repositories/operation.go:67.18,69.21 2 1
billing_system_test_task/internal/repositories/operation.go:69.21,71.4 1 1
billing_system_test_task/internal/repositories/operation.go:77.121,83.19 5 1
billing_system_test_task/internal/repositories/operation.go:115.2,120.24 2 1
billing_system_test_task/internal/repositories/operation.go:124.2,124.18 1 1
billing_system_test_task/internal/repositories/operation.go:133.2,133.18 1 1
billing_system_test_task/internal/repositories/operation.go:83.19,85.16 2 1
billing_system_test_task/internal/repositories/operation.go:91.3,91.24 1 1
billing_system_test_task/internal/repositories/operation.go:96.3,96.26 1 1
billing_system_test_task/internal/repositories/operation.go:85.16,87.4 1 1
billing_system_test_task/internal/repositories/operation.go:87.9,89.4 1 1
billing_system_test_task/internal/repositories/operation.go:91.24,94.4 2 1
billing_system_test_task/internal/repositories/operation.go:96.26,103.20 2 1
billing_system_test_task/internal/repositories/operation.go:110.4,112.39 3 1
billing_system_test_task/internal/repositories/operation.go:103.20,106.5 2 1
billing_system_test_task/internal/repositories/operation.go:106.10,109.5 2 1
billing_system_test_task/internal/repositories/operation.go:120.24,122.3 1 1
billing_system_test_task/internal/repositories/operation.go:124.18,127.21 3 1
billing_system_test_task/internal/repositories/operation.go:130.3,130.21 1 1
billing_system_test_task/internal/repositories/operation.go:127.21,129.4 1 1
billing_system_test_task/internal/repositories/users.go:28.59,32.2 1 1
billing_system_test_task/internal/repositories/users.go:34.54,36.2 1 1
billing_system_test_task/internal/repositories/users.go:39.89,50.23 4 1
billing_system_test_task/internal/repositories/users.go:53.2,53.21 1 1
billing_system_test_task/internal/repositories/users.go:69.2,69.19 1 1
billing_system_test_task/internal/repositories/users.go:50.23,52.3 1 1
billing_system_test_task/internal/repositories/users.go:53.21,63.21 3 1
billing_system_test_task/internal/repositories/users.go:66.3,66.24 1 1
billing_system_test_task/internal/repositories/users.go:63.21,65.4 1 1
billing_system_test_task/internal/repositories/users.go:73.97,83.23 4 1
billing_system_test_task/internal/repositories/users.go:87.2,87.21 1 1
billing_system_test_task/internal/repositories/users.go:102.2,102.19 1 1
billing_system_test_task/internal/repositories/users.go:83.23,85.3 1 1
billing_system_test_task/internal/repositories/users.go:87.21,97.21 3 1
billing_system_test_task/internal/repositories/users.go:100.3,100.24 1 1
billing_system_test_task/internal/repositories/users.go:97.21,99.4 1 1
billing_system_test_task/internal/repositories/users.go:106.81,111.22 3 1
billing_system_test_task/internal/repositories/users.go:115.2,115.23 1 1
billing_system_test_task/internal/repositories/users.go:122.2,122.27 1 1
billing_system_test_task/internal/repositories/users.go:111.22,113.3 1 1
billing_system_test_task/internal/repositories/users.go:115.23,117.23 2 1
billing_system_test_task/internal/repositories/users.go:117.23,119.4 1 1
billing_system_test_task/internal/repositories/wallet.go:34.61,38.2 1 1
billing_system_test_task/internal/repositories/wallet.go:40.56,42.2 1 1
billing_system_test_task/internal/repositories/wallet.go:45.82,56.22 3 1
billing_system_test_task/internal/repositories/wallet.go:60.2,60.18 1 1
billing_system_test_task/internal/repositories/wallet.go:67.2,67.22 1 1
billing_system_test_task/internal/repositories/wallet.go:56.22,58.3 1 1
billing_system_test_task/internal/repositories/wallet.go:60.18,62.21 2 1
billing_system_test_task/internal/repositories/wallet.go:62.21,64.4 1 1
billing_system_test_task/internal/repositories/wallet.go:71.104,73.42 1 1
billing_system_test_task/internal/repositories/wallet.go:78.2,79.22 2 1
billing_system_test_task/internal/repositories/wallet.go:85.2,85.22 1 1
billing_system_test_task/internal/repositories/wallet.go:73.42,75.3 1 1
billing_system_test_task/internal/repositories/wallet.go:79.22,83.3 1 1
billing_system_test_task/internal/repositories/wallet.go:89.94,94.25 3 1
billing_system_test_task/internal/repositories/wallet.go:97.2,97.21 1 1
billing_system_test_task/internal/repositories/wallet.go:94.25,96.3 1 1
billing_system_test_task/internal/repositories/wallet.go:101.96,106.25 3 1
billing_system_test_task/internal/repositories/wallet.go:109.2,109.21 1 1
billing_system_test_task/internal/repositories/wallet.go:106.25,108.3 1 1
billing_system_test_task/internal/repositories/wallet.go:113.118,116.28 2 1
billing_system_test_task/internal/repositories/wallet.go:121.2,122.28 2 1
billing_system_test_task/internal/repositories/wallet.go:126.2,126.24 1 1
billing_system_test_task/internal/repositories/wallet.go:116.28,118.3 1 1
billing_system_test_task/internal/repositories/wallet.go:122.28,124.3 1 1
billing_system_test_task/internal/repositories/reports/file_handler.go:41.36,43.2 1 1
billing_system_test_task/internal/repositories/reports/file_handler.go:46.62,50.2 1 1
billing_system_test_task/internal/repositories/reports/file_handler.go:53.89,55.2 1 1
billing_system_test_task/internal/repositories/reports/file_handler.go:58.75,70.24 7 1
billing_system_test_task/internal/repositories/reports/file_handler.go:74.2,74.21 1 1
billing_system_test_task/internal/repositories/reports/file_handler.go:78.2,83.8 1 1
billing_system_test_task/internal/repositories/reports/file_handler.go:70.24,72.3 1 1
billing_system_test_task/internal/repositories/reports/file_handler.go:74.21,76.3 1 1
billing_system_test_task/internal/repositories/reports/file_handler.go:87.123,93.21 2 1
billing_system_test_task/internal/repositories/reports/file_handler.go:112.2,112.25 1 1
billing_system_test_task/internal/repositories/reports/file_handler.go:93.21,98.22 3 1
billing_system_test_task/internal/repositories/reports/file_handler.go:101.3,104.4 1 1
billing_system_test_task/internal/repositories/reports/file_handler.go:98.22,100.4 1 1
billing_system_test_task/internal/repositories/reports/file_handler.go:105.8,105.29 1 1
billing_system_test_task/internal/repositories/reports/file_handler.go:105.29,111.3 1 1
billing_system_test_task/internal/repositories/reports/file_handler.go:116.90,119.20 3 1
billing_system_test_task/internal/repositories/reports/file_handler.go:122.2,123.20 2 1
billing_system_test_task/internal/repositories/reports/file_handler.go:126.2,131.8 3 1
billing_system_test_task/internal/repositories/reports/file_handler.go:119.20,121.3 1 1
billing_system_test_task/internal/repositories/reports/file_handler.go:123.20,125.3 1 1
billing_system_test_task/internal/repositories/reports/file_marshaller.go:30.112,36.2 1 1
billing_system_test_task/internal/repositories/reports/file_marshaller.go:39.106,41.28 2 1
billing_system_test_task/internal/repositories/reports/file_marshaller.go:44.2,49.8 3 1
billing_system_test_task/internal/repositories/reports/file_marshaller.go:41.28,43.3 1 1
billing_system_test_task/internal/repositories/reports/file_marshaller.go:53.64,58.21 5 1
billing_system_test_task/internal/repositories/reports/file_marshaller.go:61.2,62.12 2 1
billing_system_test_task/internal/repositories/reports/file_marshaller.go:58.21,60.3 1 1
billing_system_test_task/internal/repositories/reports/file_marshaller.go:71.69,76.2 1 1
billing_system_test_task/internal/repositories/reports/file_marshaller.go:79.105,97.2 7 1
billing_system_test_task/internal/repositories/reports/file_marshaller.go:100.63,104.24 4 1
billing_system_test_task/internal/repositories/reports/file_marshaller.go:107.2,108.12 2 1
billing_system_test_task/internal/repositories/reports/file_marshaller.go:104.24,106.3 1 1
billing_system_test_task/internal/repositories/reports/pipes.go:20.66,22.2 1 1
billing_system_test_task/internal/repositories/reports/pipes.go:25.180,57.9 9 1
billing_system_test_task/internal/repositories/reports/pipes.go:58.23,59.55 1 1
billing_system_test_task/internal/repositories/reports/pipes.go:60.10,61.13 1 1
billing_system_test_task/internal/repositories/reports/pipes.go:75.51,80.20 4 1
billing_system_test_task/internal/repositories/reports/pipes.go:85.2,85.32 1 1
billing_system_test_task/internal/repositories/reports/pipes.go:89.2,89.18 1 1
billing_system_test_task/internal/repositories/reports/pipes.go:80.20,84.3 3 1
billing_system_test_task/internal/repositories/reports/pipes.go:85.32,88.3 2 1
billing_system_test_task/internal/repositories/reports/pipes.go:89.18,91.3 1 1
billing_system_test_task/internal/repositories/reports/pipes.go:102.55,105.24 2 1
billing_system_test_task/internal/repositories/reports/pipes.go:105.24,106.19 1 1
billing_system_test_task/internal/repositories/reports/pipes.go:110.3,112.19 3 1
billing_system_test_task/internal/repositories/reports/pipes.go:118.3,118.12 1 1
billing_system_test_task/internal/repositories/reports/pipes.go:106.19,109.4 2 1
billing_system_test_task/internal/repositories/reports/pipes.go:112.19,117.4 4 1
billing_system_test_task/internal/repositories/reports/pipes.go:130.52,133.24 2 1
billing_system_test_task/internal/repositories/reports/pipes.go:133.24,134.19 1 1
billing_system_test_task/internal/repositories/reports/pipes.go:134.19,137.23 3 1
billing_system_test_task/internal/repositories/reports/pipes.go:137.23,140.5 2 1
billing_system_test_task/internal/repositories/reports/query_params.go:24.48,26.2 1 1
billing_system_test_task/internal/repositories/reports/query_params.go:29.76,39.18 6 1
billing_system_test_task/internal/repositories/reports/query_params.go:43.2,43.39 1 1
billing_system_test_task/internal/repositories/reports/query_params.go:57.2,57.16 1 1
billing_system_test_task/internal/repositories/reports/query_params.go:61.2,64.8 1 1
billing_system_test_task/internal/repositories/reports/query_params.go:39.18,41.3 1 1
billing_system_test_task/internal/repositories/reports/query_params.go:43.39,45.27 2 1
billing_system_test_task/internal/repositories/reports/query_params.go:49.3,50.30 2 1
billing_system_test_task/internal/repositories/reports/query_params.go:54.3,55.27 2 1
billing_system_test_task/internal/repositories/reports/query_params.go:45.27,47.4 1 1
billing_system_test_task/internal/repositories/reports/query_params.go:50.30,52.4 1 1
billing_system_test_task/internal/repositories/reports/query_params.go:57.16,59.3 1 1
billing_system_test_task/internal/usecases/operation.go:24.286,32.2 1 1
billing_system_test_task/internal/usecases/operation.go:34.140,37.18 2 1
billing_system_test_task/internal/usecases/operation.go:42.2,43.18 2 1
billing_system_test_task/internal/usecases/operation.go:48.2,53.18 2 1
billing_system_test_task/internal/usecases/operation.go:58.2,59.23 2 1
billing_system_test_task/internal/usecases/operation.go:64.2,65.24 2 1
billing_system_test_task/internal/usecases/operation.go:68.2,73.8 1 1
billing_system_test_task/internal/usecases/operation.go:37.18,39.3 1 1
billing_system_test_task/internal/usecases/operation.go:43.18,45.3 1 1
billing_system_test_task/internal/usecases/operation.go:53.18,55.3 1 1
billing_system_test_task/internal/usecases/operation.go:59.23,61.3 1 1
billing_system_test_task/internal/usecases/operation.go:65.24,67.3 1 1
billing_system_test_task/internal/usecases/user.go:27.230,35.2 1 1
billing_system_test_task/internal/usecases/user.go:38.101,41.18 2 1
billing_system_test_task/internal/usecases/user.go:45.2,47.20 3 1
billing_system_test_task/internal/usecases/user.go:52.2,53.22 2 1
billing_system_test_task/internal/usecases/user.go:58.2,59.31 2 1
billing_system_test_task/internal/usecases/user.go:64.2,65.23 2 1
billing_system_test_task/internal/usecases/user.go:70.2,70.48 1 1
billing_system_test_task/internal/usecases/user.go:75.2,75.18 1 1
billing_system_test_task/internal/usecases/user.go:41.18,43.3 1 1
billing_system_test_task/internal/usecases/user.go:47.20,50.3 2 1
billing_system_test_task/internal/usecases/user.go:53.22,56.3 2 1
billing_system_test_task/internal/usecases/user.go:59.31,62.3 2 1
billing_system_test_task/internal/usecases/user.go:65.23,68.3 2 1
billing_system_test_task/internal/usecases/user.go:70.48,73.3 2 1
billing_system_test_task/internal/usecases/user.go:78.123,80.18 2 1
billing_system_test_task/internal/usecases/user.go:84.2,87.23 3 1
billing_system_test_task/internal/usecases/user.go:92.2,93.28 2 1
billing_system_test_task/internal/usecases/user.go:98.2,99.28 2 1
billing_system_test_task/internal/usecases/user.go:104.2,104.48 1 1
billing_system_test_task/internal/usecases/user.go:108.2,108.26 1 1
billing_system_test_task/internal/usecases/user.go:80.18,82.3 1 1
billing_system_test_task/internal/usecases/user.go:87.23,90.3 2 1
billing_system_test_task/internal/usecases/user.go:93.28,96.3 2 1
billing_system_test_task/internal/usecases/user.go:99.28,102.3 2 1
billing_system_test_task/internal/usecases/user.go:104.48,107.3 2 1
billing_system_test_task/internal/usecases/wallet.go:25.194,32.2 1 1
billing_system_test_task/internal/usecases/wallet.go:34.131,37.18 2 1
billing_system_test_task/internal/usecases/wallet.go:41.2,45.31 3 1
billing_system_test_task/internal/usecases/wallet.go:51.2,51.56 1 1
billing_system_test_task/internal/usecases/wallet.go:57.2,58.36 2 1
billing_system_test_task/internal/usecases/wallet.go:64.2,70.24 2 1
billing_system_test_task/internal/usecases/wallet.go:75.2,78.26 3 1
billing_system_test_task/internal/usecases/wallet.go:84.2,85.29 2 1
billing_system_test_task/internal/usecases/wallet.go:91.2,91.48 1 1
billing_system_test_task/internal/usecases/wallet.go:95.2,95.28 1 1
billing_system_test_task/internal/usecases/wallet.go:37.18,39.3 1 1
billing_system_test_task/internal/usecases/wallet.go:45.31,48.3 2 1
billing_system_test_task/internal/usecases/wallet.go:51.56,54.3 2 1
billing_system_test_task/internal/usecases/wallet.go:58.36,61.3 2 1
billing_system_test_task/internal/usecases/wallet.go:70.24,73.3 2 1
billing_system_test_task/internal/usecases/wallet.go:78.26,81.3 2 1
billing_system_test_task/internal/usecases/wallet.go:85.29,88.3 2 1
billing_system_test_task/internal/usecases/wallet.go:91.48,94.3 2 1
billing_system_test_task/internal/transport/http/api.go:21.127,32.2 9 1
billing_system_test_task/internal/transport/http/errors.go:16.75,19.2 2 1
billing_system_test_task/internal/transport/http/operation.go:15.89,19.2 1 1
billing_system_test_task/internal/transport/http/operation.go:34.75,39.18 4 1
billing_system_test_task/internal/transport/http/operation.go:44.2,44.38 1 1
billing_system_test_task/internal/transport/http/operation.go:49.2,54.41 5 1
billing_system_test_task/internal/transport/http/operation.go:39.18,42.3 2 1
billing_system_test_task/internal/transport/http/operation.go:44.38,47.3 2 1
billing_system_test_task/internal/transport/http/user.go:26.69,30.2 1 1
billing_system_test_task/internal/transport/http/user.go:43.72,51.22 4 1
billing_system_test_task/internal/transport/http/user.go:57.2,58.22 2 1
billing_system_test_task/internal/transport/http/user.go:66.2,68.26 2 1
billing_system_test_task/internal/transport/http/user.go:72.2,78.4 2 1
billing_system_test_task/internal/transport/http/user.go:51.22,54.3 2 1
billing_system_test_task/internal/transport/http/user.go:58.22,64.3 5 1
billing_system_test_task/internal/transport/http/user.go:68.26,71.3 2 1
billing_system_test_task/internal/transport/http/user.go:92.72,101.19 4 1
billing_system_test_task/internal/transport/http/user.go:106.2,107.23 2 1
billing_system_test_task/internal/transport/http/user.go:113.2,115.22 3 1
billing_system_test_task/internal/transport/http/user.go:121.2,122.22 2 1
billing_system_test_task/internal/transport/http/user.go:129.2,130.28 2 1
billing_system_test_task/internal/transport/http/user.go:135.2,141.4 2 1
billing_system_test_task/internal/transport/http/user.go:101.19,104.3 2 1
billing_system_test_task/internal/transport/http/user.go:107.23,111.3 3 1
billing_system_test_task/internal/transport/http/user.go:115.22,118.3 2 1
billing_system_test_task/internal/transport/http/user.go:122.22,127.3 4 1
billing_system_test_task/internal/transport/http/user.go:130.28,133.3 2 1
billing_system_test_task/internal/transport/http/wallet.go:19.78,23.2 1 1
billing_system_test_task/internal/transport/http/wallet.go:36.76,43.22 4 1
billing_system_test_task/internal/transport/http/wallet.go:49.2,50.22 2 1
billing_system_test_task/internal/transport/http/wallet.go:57.2,58.30 2 1
billing_system_test_task/internal/transport/http/wallet.go:62.2,65.4 2 1
billing_system_test_task/internal/transport/http/wallet.go:43.22,46.3 2 1
billing_system_test_task/internal/transport/http/wallet.go:50.22,55.3 4 1
billing_system_test_task/internal/transport/http/wallet.go:58.30,61.3 2 1
